<?xml version="1.0" encoding="UTF-8"?>
<testsuite xmlns:xsi="http://www.w3.org/2001/XMLSchema-instance" xsi:noNamespaceSchemaLocation="https://maven.apache.org/surefire/maven-surefire-plugin/xsd/surefire-test-report.xsd" name="MyTest" time="0.085" tests="9" errors="0" skipped="0" failures="3">
  <properties>
[...]
</properties>
  <testcase name="testIsComplete" classname="MyTest" time="0.049">
    <failure message="expected: &lt;false&gt; but was: &lt;true&gt;" type="org.opentest4j.AssertionFailedError"><![CDATA[org.opentest4j.AssertionFailedError: expected: <false> but was: <true>
	at MyTest.testIsComplete(MyTest.java:93)
]]></failure>
  </testcase>
  <testcase name="testGetWords" classname="MyTest" time="0"/>
  <testcase name="testResetWord" classname="MyTest" time="0">
    <failure message="expected: &lt;false&gt; but was: &lt;true&gt;" type="org.opentest4j.AssertionFailedError"><![CDATA[org.opentest4j.AssertionFailedError: expected: <false> but was: <true>
	at MyTest.testResetWord(MyTest.java:111)
]]></failure>
  </testcase>
  <testcase name="testAddWord" classname="MyTest" time="0.005"/>
  <testcase name="testRevealLetter" classname="MyTest" time="0.001">
    <failure message="expected: &lt;1&gt; but was: &lt;2&gt;" type="org.opentest4j.AssertionFailedError"><![CDATA[org.opentest4j.AssertionFailedError: expected: <1> but was: <2>
	at MyTest.testRevealLetter(MyTest.java:79)
]]></failure>
  </testcase>
  <testcase name="testGetName" classname="MyTest" time="0"/>
  <testcase name="testGetWord" classname="MyTest" time="0.007"/>
  <testcase name="testIsGuessed" classname="MyTest" time="0.001"/>
  <testcase name="testGetRandomWord" classname="MyTest" time="0.001"/>
</testsuite>