<?xml version="1.0" encoding="UTF-8"?>
<testsuite xmlns:xsi="http://www.w3.org/2001/XMLSchema-instance" xsi:noNamespaceSchemaLocation="https://maven.apache.org/surefire/maven-surefire-plugin/xsd/surefire-test-report.xsd" name="MyTest" time="0.057" tests="5" errors="0" skipped="0" failures="1">
  <properties>
[...]
</properties>
  <testcase name="testGuessLetterCorrect" classname="MyTest" time="0.034"/>
  <testcase name="testLetterGuessVerification" classname="MyTest" time="0.002"/>
  <testcase name="testGuessLetterIncorrect" classname="MyTest" time="0.001"/>
  <testcase name="testHandleNewCategorySelection" classname="MyTest" time="0"/>
  <testcase name="testCategorySelectionAndWordGeneration" classname="MyTest" time="0.013">
    <failure message="expected: &lt;4&gt; but was: &lt;0&gt;" type="org.opentest4j.AssertionFailedError"><![CDATA[org.opentest4j.AssertionFailedError: expected: <4> but was: <0>
	at MyTest.testCategorySelectionAndWordGeneration(MyTest.java:74)
]]></failure>
    <system-out><![CDATA[Error in getWordandSendBack
]]></system-out>
  </testcase>
</testsuite>